app/build/outputs/logs/manifest-merger-debug-report.txt
-- Merging decision tree log ---
manifest
ADDED from src\main\AndroidManifest.xml:2:1-75:12
INJECTED from src\main\AndroidManifest.xml:2:1-75:12
INJECTED from src\main\AndroidManifest.xml:2:1-75:12
INJECTED from src\main\AndroidManifest.xml:2:1-75:12
MERGED from [com.android.support:design:27.1.1] AndroidManifest.xml:17:1-22:12
MERGED from [com.android.support:appcompat-v7:27.1.1] AndroidManifest.xml:17:1-22:12
MERGED from [com.google.firebase:firebase-auth:15.1.0] AndroidManifest.xml:17:1-38:12
MERGED from [com.android.support.constraint:constraint-layout:1.0.2] AndroidManifest.xml:2:1-11:12
MERGED from [com.google.firebase:firebase-database:15.0.0] AndroidManifest.xml:2:1-8:12
MERGED from [com.google.firebase:firebase-storage:15.0.0] AndroidManifest.xml:2:1-8:12
MERGED from [com.google.android.gms:play-services-maps:15.0.0] AndroidManifest.xml:17:1-32:12
MERGED from [com.google.android.gms:play-services-places:15.0.0] AndroidManifest.xml:17:1-24:12
MERGED from [com.google.android.gms:play-services-location:15.0.0] AndroidManifest.xml:2:1-9:12
MERGED from [com.google.android.gms:play-services-flags:15.0.1] AndroidManifest.xml:17:1-22:12
MERGED from [com.google.firebase:firebase-auth-interop:15.0.2] AndroidManifest.xml:2:1-10:12
MERGED from [com.google.firebase:firebase-database-connection:15.0.0] AndroidManifest.xml:2:1-8:12
MERGED from [com.google.firebase:firebase-analytics:15.0.2] AndroidManifest.xml:17:1-55:12
MERGED from [com.google.firebase:firebase-analytics-impl:15.0.2] AndroidManifest.xml:17:1-41:12
MERGED from [com.google.firebase:firebase-iid:15.1.0] AndroidManifest.xml:17:1-65:12
MERGED from [com.google.firebase:firebase-iid-interop:15.0.0] AndroidManifest.xml:2:1-10:12
MERGED from [com.google.android.gms:play-services-base:15.0.1] AndroidManifest.xml:17:1-29:12
MERGED from [com.google.firebase:firebase-common:15.0.1] AndroidManifest.xml:2:1-15:12
MERGED from [com.google.android.gms:play-services-tasks:15.0.1] AndroidManifest.xml:2:1-9:12
MERGED from [com.google.firebase:firebase-database-collection:15.0.1] AndroidManifest.xml:2:1-8:12
MERGED from [com.google.firebase:firebase-storage-common:15.0.0] AndroidManifest.xml:2:1-8:12
MERGED from [com.google.android.gms:play-services-places-placereport:15.0.1] AndroidManifest.xml:17:1-24:12
MERGED from [com.google.android.gms:play-services-stats:15.0.1] AndroidManifest.xml:2:1-9:12
MERGED from [com.google.android.gms:play-services-ads-identifier:15.0.1] AndroidManifest.xml:17:1-24:12
MERGED from [com.google.android.gms:play-services-basement:15.0.1] AndroidManifest.xml:17:1-28:12
MERGED from [com.android.support:support-v4:27.1.1] AndroidManifest.xml:17:1-22:12
MERGED from [com.android.support:animated-vector-drawable:27.1.1] AndroidManifest.xml:17:1-22:12
MERGED from [com.android.support:support-vector-drawable:27.1.1] AndroidManifest.xml:17:1-22:12
MERGED from [com.android.support:recyclerview-v7:27.1.1] AndroidManifest.xml:17:1-22:12
MERGED from [com.android.support:cardview-v7:27.1.1] AndroidManifest.xml:17:1-22:12
MERGED from [com.squareup.picasso:picasso:2.71828] AndroidManifest.xml:2:1-14:12
MERGED from [de.hdodenhof:circleimageview:2.2.0] AndroidManifest.xml:2:1-11:12
MERGED from [com.android.support:support-fragment:27.1.1] AndroidManifest.xml:17:1-22:12
MERGED from [com.android.support:support-core-ui:27.1.1] AndroidManifest.xml:17:1-22:12
MERGED from [com.android.support:support-core-utils:27.1.1] AndroidManifest.xml:17:1-22:12
MERGED from [com.android.support:transition:27.1.1] AndroidManifest.xml:17:1-22:12
MERGED from [com.android.support:support-media-compat:27.1.1] AndroidManifest.xml:17:1-22:12
MERGED from [com.android.support:support-compat:27.1.1] AndroidManifest.xml:17:1-22:12
MERGED from [com.android.support:exifinterface:27.1.0] AndroidManifest.xml:17:1-22:12
MERGED from [android.arch.lifecycle:livedata-core:1.1.0] AndroidManifest.xml:17:1-22:12
MERGED from [android.arch.lifecycle:viewmodel:1.1.0] AndroidManifest.xml:17:1-22:12
MERGED from [com.google.android.gms:play-services-measurement-base:15.0.2] AndroidManifest.xml:17:1-24:12
MERGED from [android.arch.lifecycle:runtime:1.1.0] AndroidManifest.xml:17:1-22:12
MERGED from [android.arch.core:runtime:1.1.0] AndroidManifest.xml:17:1-22:12
INJECTED from src\main\AndroidManifest.xml:2:1-75:12
INJECTED from src\main\AndroidManifest.xml:2:1-75:12
INJECTED from src\main\AndroidManifest.xml:2:1-75:12
	package
		ADDED from src\main\AndroidManifest.xml:3:5-43
		INJECTED from src\main\AndroidManifest.xml
		INJECTED from src\main\AndroidManifest.xml
	android:versionName
		INJECTED from src\main\AndroidManifest.xml
		ADDED from src\main\AndroidManifest.xml:2:1-75:12
		INJECTED from src\main\AndroidManifest.xml
	android:versionCode
		INJECTED from src\main\AndroidManifest.xml
		ADDED from src\main\AndroidManifest.xml:2:1-75:12
		INJECTED from src\main\AndroidManifest.xml
	xmlns:android
		ADDED from src\main\AndroidManifest.xml:2:11-69
uses-permission#android.permission.INTERNET
ADDED from src\main\AndroidManifest.xml:5:5-67
MERGED from [com.google.android.gms:play-services-maps:15.0.0] AndroidManifest.xml:24:5-67
MERGED from [com.google.android.gms:play-services-maps:15.0.0] AndroidManifest.xml:24:5-67
MERGED from [com.google.firebase:firebase-analytics:15.0.2] AndroidManifest.xml:23:5-67
MERGED from [com.google.firebase:firebase-analytics:15.0.2] AndroidManifest.xml:23:5-67
MERGED from [com.google.firebase:firebase-analytics-impl:15.0.2] AndroidManifest.xml:23:5-67
MERGED from [com.google.firebase:firebase-analytics-impl:15.0.2] AndroidManifest.xml:23:5-67
MERGED from [com.google.firebase:firebase-iid:15.1.0] AndroidManifest.xml:23:5-67
MERGED from [com.google.firebase:firebase-iid:15.1.0] AndroidManifest.xml:23:5-67
	android:name
		ADDED from src\main\AndroidManifest.xml:5:22-64
uses-permission#android.permission.ACCESS_COARSE_LOCATION
ADDED from src\main\AndroidManifest.xml:7:5-80
	android:name
		ADDED from src\main\AndroidManifest.xml:7:22-78
uses-permission#android.permission.ACCESS_FINE_LOCATION
ADDED from src\main\AndroidManifest.xml:8:5-78
	android:name
		ADDED from src\main\AndroidManifest.xml:8:22-76
uses-permission#android.permission.ACCESS_NETWORK_STATE
ADDED from src\main\AndroidManifest.xml:10:5-79
MERGED from [com.google.android.gms:play-services-maps:15.0.0] AndroidManifest.xml:23:5-79
MERGED from [com.google.android.gms:play-services-maps:15.0.0] AndroidManifest.xml:23:5-79
MERGED from [com.google.firebase:firebase-analytics:15.0.2] AndroidManifest.xml:24:5-79
MERGED from [com.google.firebase:firebase-analytics:15.0.2] AndroidManifest.xml:24:5-79
MERGED from [com.google.firebase:firebase-analytics-impl:15.0.2] AndroidManifest.xml:24:5-79
MERGED from [com.google.firebase:firebase-analytics-impl:15.0.2] AndroidManifest.xml:24:5-79
MERGED from [com.google.firebase:firebase-iid:15.1.0] AndroidManifest.xml:22:5-79
MERGED from [com.google.firebase:firebase-iid:15.1.0] AndroidManifest.xml:22:5-79
	android:name
		ADDED from src\main\AndroidManifest.xml:10:22-76
uses-permission#com.google.android.providers.gsf.permission.READ_GSERVICES
ADDED from src\main\AndroidManifest.xml:11:5-98
	android:name
		ADDED from src\main\AndroidManifest.xml:11:22-95
uses-permission#android.permission.WRITE_EXTERNAL_STORAGE
ADDED from src\main\AndroidManifest.xml:12:5-81
	android:name
		ADDED from src\main\AndroidManifest.xml:12:22-78
uses-feature#android.hardware.camera
ADDED from src\main\AndroidManifest.xml:13:5-14:75
	android:required
		ADDED from src\main\AndroidManifest.xml:14:48-72
	android:name
		ADDED from src\main\AndroidManifest.xml:14:9-47
uses-feature#android.hardware.camera.autofocus
ADDED from src\main\AndroidManifest.xml:15:5-17:36
	android:required
		ADDED from src\main\AndroidManifest.xml:17:9-33
	android:name
		ADDED from src\main\AndroidManifest.xml:16:9-57
uses-feature#android.hardware.camera.flash
ADDED from src\main\AndroidManifest.xml:18:5-20:36
	android:required
		ADDED from src\main\AndroidManifest.xml:20:9-33
	android:name
		ADDED from src\main\AndroidManifest.xml:19:9-53
uses-permission#android.permission.CAMERA
ADDED from src\main\AndroidManifest.xml:22:5-65
	android:name
		ADDED from src\main\AndroidManifest.xml:22:22-62
uses-permission#ANDROID.PERMISSION.READ_EXTERNAL_STORAGE
ADDED from src\main\AndroidManifest.xml:23:5-79
	android:name
		ADDED from src\main\AndroidManifest.xml:23:22-77
application
ADDED from src\main\AndroidManifest.xml:25:5-73:19
MERGED from [com.google.firebase:firebase-auth:15.1.0] AndroidManifest.xml:22:5-36:19
MERGED from [com.google.firebase:firebase-auth:15.1.0] AndroidManifest.xml:22:5-36:19
MERGED from [com.android.support.constraint:constraint-layout:1.0.2] AndroidManifest.xml:9:5-20
MERGED from [com.android.support.constraint:constraint-layout:1.0.2] AndroidManifest.xml:9:5-20
MERGED from [com.google.android.gms:play-services-maps:15.0.0] AndroidManifest.xml:30:5-20
MERGED from [com.google.android.gms:play-services-maps:15.0.0] AndroidManifest.xml:30:5-20
MERGED from [com.google.android.gms:play-services-places:15.0.0] AndroidManifest.xml:22:5-20
MERGED from [com.google.android.gms:play-services-places:15.0.0] AndroidManifest.xml:22:5-20
MERGED from [com.google.android.gms:play-services-location:15.0.0] AndroidManifest.xml:7:5-20
MERGED from [com.google.android.gms:play-services-location:15.0.0] AndroidManifest.xml:7:5-20
MERGED from [com.google.firebase:firebase-auth-interop:15.0.2] AndroidManifest.xml:7:5-8:19
MERGED from [com.google.firebase:firebase-auth-interop:15.0.2] AndroidManifest.xml:7:5-8:19
MERGED from [com.google.firebase:firebase-analytics:15.0.2] AndroidManifest.xml:28:5-53:19
MERGED from [com.google.firebase:firebase-analytics:15.0.2] AndroidManifest.xml:28:5-53:19
MERGED from [com.google.firebase:firebase-analytics-impl:15.0.2] AndroidManifest.xml:28:5-39:19
MERGED from [com.google.firebase:firebase-analytics-impl:15.0.2] AndroidManifest.xml:28:5-39:19
MERGED from [com.google.firebase:firebase-iid:15.1.0] AndroidManifest.xml:34:5-63:19
MERGED from [com.google.firebase:firebase-iid:15.1.0] AndroidManifest.xml:34:5-63:19
MERGED from [com.google.firebase:firebase-iid-interop:15.0.0] AndroidManifest.xml:7:5-8:19
MERGED from [com.google.firebase:firebase-iid-interop:15.0.0] AndroidManifest.xml:7:5-8:19
MERGED from [com.google.android.gms:play-services-base:15.0.1] AndroidManifest.xml:22:5-27:19
MERGED from [com.google.android.gms:play-services-base:15.0.1] AndroidManifest.xml:22:5-27:19
MERGED from [com.google.firebase:firebase-common:15.0.1] AndroidManifest.xml:7:5-13:19
MERGED from [com.google.firebase:firebase-common:15.0.1] AndroidManifest.xml:7:5-13:19
MERGED from [com.google.android.gms:play-services-tasks:15.0.1] AndroidManifest.xml:7:5-20
MERGED from [com.google.android.gms:play-services-tasks:15.0.1] AndroidManifest.xml:7:5-20
MERGED from [com.google.android.gms:play-services-places-placereport:15.0.1] AndroidManifest.xml:22:5-20
MERGED from [com.google.android.gms:play-services-places-placereport:15.0.1] AndroidManifest.xml:22:5-20
MERGED from [com.google.android.gms:play-services-stats:15.0.1] AndroidManifest.xml:7:5-20
MERGED from [com.google.android.gms:play-services-stats:15.0.1] AndroidManifest.xml:7:5-20
MERGED from [com.google.android.gms:play-services-ads-identifier:15.0.1] AndroidManifest.xml:22:5-20
MERGED from [com.google.android.gms:play-services-ads-identifier:15.0.1] AndroidManifest.xml:22:5-20
MERGED from [com.google.android.gms:play-services-basement:15.0.1] AndroidManifest.xml:22:5-26:19
MERGED from [com.google.android.gms:play-services-basement:15.0.1] AndroidManifest.xml:22:5-26:19
MERGED from [com.squareup.picasso:picasso:2.71828] AndroidManifest.xml:7:5-12:19
MERGED from [com.squareup.picasso:picasso:2.71828] AndroidManifest.xml:7:5-12:19
MERGED from [de.hdodenhof:circleimageview:2.2.0] AndroidManifest.xml:9:5-20
MERGED from [de.hdodenhof:circleimageview:2.2.0] AndroidManifest.xml:9:5-20
MERGED from [com.google.android.gms:play-services-measurement-base:15.0.2] AndroidManifest.xml:22:5-20
MERGED from [com.google.android.gms:play-services-measurement-base:15.0.2] AndroidManifest.xml:22:5-20
	android:supportsRtl
		ADDED from src\main\AndroidManifest.xml:30:9-35
	android:label
		ADDED from src\main\AndroidManifest.xml:28:9-41
	android:roundIcon
		ADDED from src\main\AndroidManifest.xml:29:9-43
	android:icon
		ADDED from src\main\AndroidManifest.xml:27:9-38
	android:allowBackup
		ADDED from src\main\AndroidManifest.xml:26:9-35
	android:theme
		ADDED from src\main\AndroidManifest.xml:31:9-59
provider#android.support.v4.content.FileProvider
ADDED from src\main\AndroidManifest.xml:32:9-40:20
	android:grantUriPermissions
		ADDED from src\main\AndroidManifest.xml:36:13-47
	android:authorities
		ADDED from src\main\AndroidManifest.xml:34:13-67
	android:exported
		ADDED from src\main\AndroidManifest.xml:35:13-37
	android:name
		ADDED from src\main\AndroidManifest.xml:33:13-67
meta-data#android.support.FILE_PROVIDER_PATHS
ADDED from src\main\AndroidManifest.xml:37:13-39:54
	android:resource
		ADDED from src\main\AndroidManifest.xml:39:17-51
	android:name
		ADDED from src\main\AndroidManifest.xml:38:17-67
meta-data#com.google.android.geo.API_KEY
ADDED from src\main\AndroidManifest.xml:42:9-44:71
	android:value
		ADDED from src\main\AndroidManifest.xml:44:13-68
	android:name
		ADDED from src\main\AndroidManifest.xml:43:13-58
activity#com.project.geo.finalproject.MainActivity
ADDED from src\main\AndroidManifest.xml:46:9-51:20
	android:name
		ADDED from src\main\AndroidManifest.xml:46:19-47
intent-filter#action:name:android.intent.action.MAIN+category:name:android.intent.category.LAUNCHER
ADDED from src\main\AndroidManifest.xml:47:13-50:29
action#android.intent.action.MAIN
ADDED from src\main\AndroidManifest.xml:48:17-69
	android:name
		ADDED from src\main\AndroidManifest.xml:48:25-66
category#android.intent.category.LAUNCHER
ADDED from src\main\AndroidManifest.xml:49:17-77
	android:name
		ADDED from src\main\AndroidManifest.xml:49:27-74
activity#com.project.geo.finalproject.Registration
ADDED from src\main\AndroidManifest.xml:52:9-50
	android:name
		ADDED from src\main\AndroidManifest.xml:52:19-47
activity#com.project.geo.finalproject.Home
ADDED from src\main\AndroidManifest.xml:53:9-42
	android:name
		ADDED from src\main\AndroidManifest.xml:53:19-39
activity#com.project.geo.finalproject.Main2Activity
ADDED from src\main\AndroidManifest.xml:54:9-57:66
	android:label
		ADDED from src\main\AndroidManifest.xml:56:13-57
	android:theme
		ADDED from src\main\AndroidManifest.xml:57:13-63
	android:name
		ADDED from src\main\AndroidManifest.xml:55:13-42
activity#com.project.geo.finalproject.PostActivity
ADDED from src\main\AndroidManifest.xml:58:9-61:66
	android:label
		ADDED from src\main\AndroidManifest.xml:60:13-56
	android:theme
		ADDED from src\main\AndroidManifest.xml:61:13-63
	android:name
		ADDED from src\main\AndroidManifest.xml:59:13-41
activity#com.project.geo.finalproject.ProfileActivity
ADDED from src\main\AndroidManifest.xml:62:9-66:20
	android:name
		ADDED from src\main\AndroidManifest.xml:62:19-50
intent-filter#action:name:android.intent.action.MAIN
ADDED from src\main\AndroidManifest.xml:63:13-65:29
activity#com.project.geo.finalproject.Feedback
ADDED from src\main\AndroidManifest.xml:67:9-46
	android:name
		ADDED from src\main\AndroidManifest.xml:67:19-43
activity#com.project.geo.finalproject.UploudImage
ADDED from src\main\AndroidManifest.xml:68:9-49
	android:name
		ADDED from src\main\AndroidManifest.xml:68:19-46
activity#com.project.geo.finalproject.AboutUs
ADDED from src\main\AndroidManifest.xml:69:9-45
	android:name
		ADDED from src\main\AndroidManifest.xml:69:19-42
activity#com.project.geo.finalproject.Support
ADDED from src\main\AndroidManifest.xml:70:9-45
	android:name
		ADDED from src\main\AndroidManifest.xml:70:19-42
activity#com.project.geo.finalproject.Chang_font
ADDED from src\main\AndroidManifest.xml:71:9-48
	android:name
		ADDED from src\main\AndroidManifest.xml:71:19-45
activity#com.project.geo.finalproject.FontSize
ADDED from src\main\AndroidManifest.xml:72:9-55
	android:name
		ADDED from src\main\AndroidManifest.xml:72:19-43
uses-sdk
INJECTED from src\main\AndroidManifest.xml reason: use-sdk injection requested
INJECTED from src\main\AndroidManifest.xml
INJECTED from src\main\AndroidManifest.xml
MERGED from [com.android.support:design:27.1.1] AndroidManifest.xml:20:5-44
MERGED from [com.android.support:design:27.1.1] AndroidManifest.xml:20:5-44
MERGED from [com.android.support:appcompat-v7:27.1.1] AndroidManifest.xml:20:5-44
MERGED from [com.android.support:appcompat-v7:27.1.1] AndroidManifest.xml:20:5-44
MERGED from [com.google.firebase:firebase-auth:15.1.0] AndroidManifest.xml:20:5-44
MERGED from [com.google.firebase:firebase-auth:15.1.0] AndroidManifest.xml:20:5-44
MERGED from [com.android.support.constraint:constraint-layout:1.0.2] AndroidManifest.xml:5:5-7:41
MERGED from [com.android.support.constraint:constraint-layout:1.0.2] AndroidManifest.xml:5:5-7:41
MERGED from [com.google.firebase:firebase-database:15.0.0] AndroidManifest.xml:6:5-44
MERGED from [com.google.firebase:firebase-database:15.0.0] AndroidManifest.xml:6:5-44
MERGED from [com.google.firebase:firebase-storage:15.0.0] AndroidManifest.xml:6:5-44
MERGED from [com.google.firebase:firebase-storage:15.0.0] AndroidManifest.xml:6:5-44
MERGED from [com.google.android.gms:play-services-maps:15.0.0] AndroidManifest.xml:20:5-44
MERGED from [com.google.android.gms:play-services-maps:15.0.0] AndroidManifest.xml:20:5-44
MERGED from [com.google.android.gms:play-services-places:15.0.0] AndroidManifest.xml:20:5-44
MERGED from [com.google.android.gms:play-services-places:15.0.0] AndroidManifest.xml:20:5-44
MERGED from [com.google.android.gms:play-services-location:15.0.0] AndroidManifest.xml:5:5-44
MERGED from [com.google.android.gms:play-services-location:15.0.0] AndroidManifest.xml:5:5-44
MERGED from [com.google.android.gms:play-services-flags:15.0.1] AndroidManifest.xml:20:5-44
MERGED from [com.google.android.gms:play-services-flags:15.0.1] AndroidManifest.xml:20:5-44
MERGED from [com.google.firebase:firebase-auth-interop:15.0.2] AndroidManifest.xml:5:5-44
MERGED from [com.google.firebase:firebase-auth-interop:15.0.2] AndroidManifest.xml:5:5-44
MERGED from [com.google.firebase:firebase-database-connection:15.0.0] AndroidManifest.xml:6:5-44
MERGED from [com.google.firebase:firebase-database-connection:15.0.0] AndroidManifest.xml:6:5-44
MERGED from [com.google.firebase:firebase-analytics:15.0.2] AndroidManifest.xml:20:5-44
MERGED from [com.google.firebase:firebase-analytics:15.0.2] AndroidManifest.xml:20:5-44
MERGED from [com.google.firebase:firebase-analytics-impl:15.0.2] AndroidManifest.xml:20:5-44
MERGED from [com.google.firebase:firebase-analytics-impl:15.0.2] AndroidManifest.xml:20:5-44
MERGED from [com.google.firebase:firebase-iid:15.1.0] AndroidManifest.xml:20:5-44
MERGED from [com.google.firebase:firebase-iid:15.1.0] AndroidManifest.xml:20:5-44
MERGED from [com.google.firebase:firebase-iid-interop:15.0.0] AndroidManifest.xml:5:5-44
MERGED from [com.google.firebase:firebase-iid-interop:15.0.0] AndroidManifest.xml:5:5-44
MERGED from [com.google.android.gms:play-services-base:15.0.1] AndroidManifest.xml:20:5-44
MERGED from [com.google.android.gms:play-services-base:15.0.1] AndroidManifest.xml:20:5-44
MERGED from [com.google.firebase:firebase-common:15.0.1] AndroidManifest.xml:5:5-44
MERGED from [com.google.firebase:firebase-common:15.0.1] AndroidManifest.xml:5:5-44
MERGED from [com.google.android.gms:play-services-tasks:15.0.1] AndroidManifest.xml:5:5-44
MERGED from [com.google.android.gms:play-services-tasks:15.0.1] AndroidManifest.xml:5:5-44
MERGED from [com.google.firebase:firebase-database-collection:15.0.1] AndroidManifest.xml:6:5-44
MERGED from [com.google.firebase:firebase-database-collection:15.0.1] AndroidManifest.xml:6:5-44
MERGED from [com.google.firebase:firebase-storage-common:15.0.0] AndroidManifest.xml:6:5-44
MERGED from [com.google.firebase:firebase-storage-common:15.0.0] AndroidManifest.xml:6:5-44
MERGED from [com.google.android.gms:play-services-places-placereport:15.0.1] AndroidManifest.xml:20:5-44
MERGED from [com.google.android.gms:play-services-places-placereport:15.0.1] AndroidManifest.xml:20:5-44
MERGED from [com.google.android.gms:play-services-stats:15.0.1] AndroidManifest.xml:5:5-44
MERGED from [com.google.android.gms:play-services-stats:15.0.1] AndroidManifest.xml:5:5-44
MERGED from [com.google.android.gms:play-services-ads-identifier:15.0.1] AndroidManifest.xml:20:5-44
MERGED from [com.google.android.gms:play-services-ads-identifier:15.0.1] AndroidManifest.xml:20:5-44
MERGED from [com.google.android.gms:play-services-basement:15.0.1] AndroidManifest.xml:20:5-44
MERGED from [com.google.android.gms:play-services-basement:15.0.1] AndroidManifest.xml:20:5-44
MERGED from [com.android.support:support-v4:27.1.1] AndroidManifest.xml:20:5-44
MERGED from [com.android.support:support-v4:27.1.1] AndroidManifest.xml:20:5-44
MERGED from [com.android.support:animated-vector-drawable:27.1.1] AndroidManifest.xml:20:5-44
MERGED from [com.android.support:animated-vector-drawable:27.1.1] AndroidManifest.xml:20:5-44
MERGED from [com.android.support:support-vector-drawable:27.1.1] AndroidManifest.xml:20:5-44
MERGED from [com.android.support:support-vector-drawable:27.1.1] AndroidManifest.xml:20:5-44
MERGED from [com.android.support:recyclerview-v7:27.1.1] AndroidManifest.xml:20:5-44
MERGED from [com.android.support:recyclerview-v7:27.1.1] AndroidManifest.xml:20:5-44
MERGED from [com.android.support:cardview-v7:27.1.1] AndroidManifest.xml:20:5-44
MERGED from [com.android.support:cardview-v7:27.1.1] AndroidManifest.xml:20:5-44
MERGED from [com.squareup.picasso:picasso:2.71828] AndroidManifest.xml:5:5-44
MERGED from [com.squareup.picasso:picasso:2.71828] AndroidManifest.xml:5:5-44
MERGED from [de.hdodenhof:circleimageview:2.2.0] AndroidManifest.xml:5:5-7:41
MERGED from [de.hdodenhof:circleimageview:2.2.0] AndroidManifest.xml:5:5-7:41
MERGED from [com.android.support:support-fragment:27.1.1] AndroidManifest.xml:20:5-44
MERGED from [com.android.support:support-fragment:27.1.1] AndroidManifest.xml:20:5-44
MERGED from [com.android.support:support-core-ui:27.1.1] AndroidManifest.xml:20:5-44
MERGED from [com.android.support:support-core-ui:27.1.1] AndroidManifest.xml:20:5-44
MERGED from [com.android.support:support-core-utils:27.1.1] AndroidManifest.xml:20:5-44
MERGED from [com.android.support:support-core-utils:27.1.1] AndroidManifest.xml:20:5-44
MERGED from [com.android.support:transition:27.1.1] AndroidManifest.xml:20:5-44
MERGED from [com.android.support:transition:27.1.1] AndroidManifest.xml:20:5-44
MERGED from [com.android.support:support-media-compat:27.1.1] AndroidManifest.xml:20:5-44
MERGED from [com.android.support:support-media-compat:27.1.1] AndroidManifest.xml:20:5-44
MERGED from [com.android.support:support-compat:27.1.1] AndroidManifest.xml:20:5-44
MERGED from [com.android.support:support-compat:27.1.1] AndroidManifest.xml:20:5-44
MERGED from [com.android.support:exifinterface:27.1.0] AndroidManifest.xml:20:5-44
MERGED from [com.android.support:exifinterface:27.1.0] AndroidManifest.xml:20:5-44
MERGED from [android.arch.lifecycle:livedata-core:1.1.0] AndroidManifest.xml:20:5-44
MERGED from [android.arch.lifecycle:livedata-core:1.1.0] AndroidManifest.xml:20:5-44
MERGED from [android.arch.lifecycle:viewmodel:1.1.0] AndroidManifest.xml:20:5-44
MERGED from [android.arch.lifecycle:viewmodel:1.1.0] AndroidManifest.xml:20:5-44
MERGED from [com.google.android.gms:play-services-measurement-base:15.0.2] AndroidManifest.xml:20:5-44
MERGED from [com.google.android.gms:play-services-measurement-base:15.0.2] AndroidManifest.xml:20:5-44
MERGED from [android.arch.lifecycle:runtime:1.1.0] AndroidManifest.xml:20:5-44
MERGED from [android.arch.lifecycle:runtime:1.1.0] AndroidManifest.xml:20:5-44
MERGED from [android.arch.core:runtime:1.1.0] AndroidManifest.xml:20:5-44
MERGED from [android.arch.core:runtime:1.1.0] AndroidManifest.xml:20:5-44
INJECTED from src\main\AndroidManifest.xml
INJECTED from src\main\AndroidManifest.xml
	android:targetSdkVersion
		INJECTED from src\main\AndroidManifest.xml
		ADDED from src\main\AndroidManifest.xml
		INJECTED from src\main\AndroidManifest.xml
	android:minSdkVersion
		INJECTED from src\main\AndroidManifest.xml
		ADDED from src\main\AndroidManifest.xml
		INJECTED from src\main\AndroidManifest.xml
activity#com.google.firebase.auth.internal.FederatedSignInActivity
ADDED from [com.google.firebase:firebase-auth:15.1.0] AndroidManifest.xml:23:9-29:75
	android:excludeFromRecents
		ADDED from [com.google.firebase:firebase-auth:15.1.0] AndroidManifest.xml:25:13-46
	android:launchMode
		ADDED from [com.google.firebase:firebase-auth:15.1.0] AndroidManifest.xml:27:13-48
	android:exported
		ADDED from [com.google.firebase:firebase-auth:15.1.0] AndroidManifest.xml:26:13-36
	android:permission
		ADDED from [com.google.firebase:firebase-auth:15.1.0] AndroidManifest.xml:28:13-102
	android:theme
		ADDED from [com.google.firebase:firebase-auth:15.1.0] AndroidManifest.xml:29:13-72
	android:name
		ADDED from [com.google.firebase:firebase-auth:15.1.0] AndroidManifest.xml:24:13-85
service#com.google.firebase.components.ComponentDiscoveryService
ADDED from [com.google.firebase:firebase-auth:15.1.0] AndroidManifest.xml:31:9-35:19
MERGED from [com.google.firebase:firebase-iid:15.1.0] AndroidManifest.xml:35:9-39:19
MERGED from [com.google.firebase:firebase-iid:15.1.0] AndroidManifest.xml:35:9-39:19
	android:name
		ADDED from [com.google.firebase:firebase-auth:15.1.0] AndroidManifest.xml:31:18-89
meta-data#com.google.firebase.components:com.google.firebase.auth.FirebaseAuthRegistrar
ADDED from [com.google.firebase:firebase-auth:15.1.0] AndroidManifest.xml:32:13-34:85
	android:value
		ADDED from [com.google.firebase:firebase-auth:15.1.0] AndroidManifest.xml:34:17-82
	android:name
		ADDED from [com.google.firebase:firebase-auth:15.1.0] AndroidManifest.xml:33:17-109
uses-feature#0x00020000
ADDED from [com.google.android.gms:play-services-maps:15.0.0] AndroidManifest.xml:26:5-28:35
	android:glEsVersion
		ADDED from [com.google.android.gms:play-services-maps:15.0.0] AndroidManifest.xml:27:9-41
	android:required
		ADDED from [com.google.android.gms:play-services-maps:15.0.0] AndroidManifest.xml:28:9-32
uses-permission#android.permission.WAKE_LOCK
ADDED from [com.google.firebase:firebase-analytics:15.0.2] AndroidManifest.xml:25:5-68
MERGED from [com.google.firebase:firebase-analytics-impl:15.0.2] AndroidManifest.xml:25:5-68
MERGED from [com.google.firebase:firebase-analytics-impl:15.0.2] AndroidManifest.xml:25:5-68
MERGED from [com.google.firebase:firebase-iid:15.1.0] AndroidManifest.xml:24:5-68
MERGED from [com.google.firebase:firebase-iid:15.1.0] AndroidManifest.xml:24:5-68
	android:name
		ADDED from [com.google.firebase:firebase-analytics:15.0.2] AndroidManifest.xml:25:22-65
uses-permission#com.google.android.finsky.permission.BIND_GET_INSTALL_REFERRER_SERVICE
ADDED from [com.google.firebase:firebase-analytics:15.0.2] AndroidManifest.xml:26:5-110
MERGED from [com.google.firebase:firebase-analytics-impl:15.0.2] AndroidManifest.xml:26:5-110
MERGED from [com.google.firebase:firebase-analytics-impl:15.0.2] AndroidManifest.xml:26:5-110
	android:name
		ADDED from [com.google.firebase:firebase-analytics:15.0.2] AndroidManifest.xml:26:22-107
receiver#com.google.android.gms.measurement.AppMeasurementReceiver
ADDED from [com.google.firebase:firebase-analytics:15.0.2] AndroidManifest.xml:29:9-33:20
MERGED from [com.google.firebase:firebase-analytics-impl:15.0.2] AndroidManifest.xml:29:9-33:20
MERGED from [com.google.firebase:firebase-analytics-impl:15.0.2] AndroidManifest.xml:29:9-33:20
	android:enabled
		ADDED from [com.google.firebase:firebase-analytics:15.0.2] AndroidManifest.xml:31:13-35
	android:exported
		ADDED from [com.google.firebase:firebase-analytics:15.0.2] AndroidManifest.xml:32:13-37
	android:name
		ADDED from [com.google.firebase:firebase-analytics:15.0.2] AndroidManifest.xml:30:13-85
receiver#com.google.android.gms.measurement.AppMeasurementInstallReferrerReceiver
ADDED from [com.google.firebase:firebase-analytics:15.0.2] AndroidManifest.xml:34:9-42:20
	android:enabled
		ADDED from [com.google.firebase:firebase-analytics:15.0.2] AndroidManifest.xml:36:13-35
	android:exported
		ADDED from [com.google.firebase:firebase-analytics:15.0.2] AndroidManifest.xml:37:13-36
	android:permission
		ADDED from [com.google.firebase:firebase-analytics:15.0.2] AndroidManifest.xml:38:13-69
	android:name
		ADDED from [com.google.firebase:firebase-analytics:15.0.2] AndroidManifest.xml:35:13-100
intent-filter#action:name:com.android.vending.INSTALL_REFERRER
ADDED from [com.google.firebase:firebase-analytics:15.0.2] AndroidManifest.xml:39:13-41:29
action#com.android.vending.INSTALL_REFERRER
ADDED from [com.google.firebase:firebase-analytics:15.0.2] AndroidManifest.xml:40:17-79
	android:name
		ADDED from [com.google.firebase:firebase-analytics:15.0.2] AndroidManifest.xml:40:25-76
service#com.google.android.gms.measurement.AppMeasurementService
ADDED from [com.google.firebase:firebase-analytics:15.0.2] AndroidManifest.xml:44:9-47:40
MERGED from [com.google.firebase:firebase-analytics-impl:15.0.2] AndroidManifest.xml:35:9-38:40
MERGED from [com.google.firebase:firebase-analytics-impl:15.0.2] AndroidManifest.xml:35:9-38:40
	android:enabled
		ADDED from [com.google.firebase:firebase-analytics:15.0.2] AndroidManifest.xml:46:13-35
	android:exported
		ADDED from [com.google.firebase:firebase-analytics:15.0.2] AndroidManifest.xml:47:13-37
	android:name
		ADDED from [com.google.firebase:firebase-analytics:15.0.2] AndroidManifest.xml:45:13-84
service#com.google.android.gms.measurement.AppMeasurementJobService
ADDED from [com.google.firebase:firebase-analytics:15.0.2] AndroidManifest.xml:48:9-52:72
	android:enabled